2024-09-23T05:50:52.553Z [error]: Operation `products.find()` buffering timed out after 10000ms
2024-09-23T05:50:52.573Z [error]: Operation `products.find()` buffering timed out after 10000ms
2024-09-23T05:52:29.227Z [error]: Operation `products.find()` buffering timed out after 10000ms
2024-09-23T05:52:29.303Z [error]: Operation `products.find()` buffering timed out after 10000ms
2024-09-23T05:59:50.081Z [error]: Can't find this /feature-deals on this server.
2024-09-23T05:59:50.736Z [error]: Can't find this /undefined on this server.
2024-09-23T05:59:51.716Z [error]: Can't find this /uploads/1727070054545_360_F_378201432_Cgifq9ZMniHkolM5XujZX89OooDuPcmR.jpg on this server.
2024-09-23T05:59:51.736Z [error]: Can't find this /uploads/1726831968539_1000_F_251608707_ft6BQtJPnT9htr86dduWjVm8JyKwbXj6.jpg on this server.
2024-09-23T05:59:51.738Z [error]: Can't find this /uploads/1726831743351_png-transparent-exercise-machine-treadmill-life-fitness-exercise-bikes-exercise-equipment-gym-miscellaneous-physical-fitness-sports-equipment.png on this server.
2024-09-23T05:59:51.818Z [error]: Can't find this /uploads/1726831581959_00d536e0ef3467916428dacffe8d0afa.jpg on this server.
2024-09-23T05:59:51.852Z [error]: Can't find this /uploads/1726831281015_00d536e0ef3467916428dacffe8d0afa.jpg on this server.
2024-09-23T05:59:52.111Z [error]: Can't find this /uploads/1726828629755_iphone_13_3.png on this server.
2024-09-23T05:59:52.578Z [error]: Can't find this /undefined on this server.
2024-09-23T06:00:11.836Z [error]: Can't find this /uploads/1726831281015_00d536e0ef3467916428dacffe8d0afa.jpg on this server.
2024-09-23T06:00:11.869Z [error]: Can't find this /uploads/1726828629755_iphone_13_3.png on this server.
2024-09-23T06:00:11.876Z [error]: Can't find this /uploads/1727070054545_360_F_378201432_Cgifq9ZMniHkolM5XujZX89OooDuPcmR.jpg on this server.
2024-09-23T06:00:11.880Z [error]: Can't find this /uploads/1726831968539_1000_F_251608707_ft6BQtJPnT9htr86dduWjVm8JyKwbXj6.jpg on this server.
2024-09-23T06:00:11.893Z [error]: Can't find this /uploads/1726831743351_png-transparent-exercise-machine-treadmill-life-fitness-exercise-bikes-exercise-equipment-gym-miscellaneous-physical-fitness-sports-equipment.png on this server.
2024-09-23T06:00:11.896Z [error]: Can't find this /uploads/1726831581959_00d536e0ef3467916428dacffe8d0afa.jpg on this server.
2024-09-23T06:00:11.925Z [error]: Can't find this /undefined on this server.
2024-09-23T06:00:12.056Z [error]: Can't find this /uploads/1727070054545_360_F_378201432_Cgifq9ZMniHkolM5XujZX89OooDuPcmR.jpg on this server.
2024-09-23T06:00:12.081Z [error]: Can't find this /uploads/1726831968539_1000_F_251608707_ft6BQtJPnT9htr86dduWjVm8JyKwbXj6.jpg on this server.
2024-09-23T06:00:12.084Z [error]: Can't find this /uploads/1726831743351_png-transparent-exercise-machine-treadmill-life-fitness-exercise-bikes-exercise-equipment-gym-miscellaneous-physical-fitness-sports-equipment.png on this server.
2024-09-23T06:00:12.090Z [error]: Can't find this /uploads/1726831581959_00d536e0ef3467916428dacffe8d0afa.jpg on this server.
2024-09-23T06:00:12.095Z [error]: Can't find this /uploads/1726831281015_00d536e0ef3467916428dacffe8d0afa.jpg on this server.
2024-09-23T06:00:12.098Z [error]: Can't find this /uploads/1726828629755_iphone_13_3.png on this server.
2024-09-23T06:00:12.138Z [error]: Can't find this /undefined on this server.
2024-09-23T06:08:52.099Z [error]: Can't find this /feature-deals on this server.
2024-09-23T06:08:52.973Z [error]: Can't find this /uploads/1727070054545_360_F_378201432_Cgifq9ZMniHkolM5XujZX89OooDuPcmR.jpg on this server.
2024-09-23T06:08:52.977Z [error]: Can't find this /uploads/1726831968539_1000_F_251608707_ft6BQtJPnT9htr86dduWjVm8JyKwbXj6.jpg on this server.
2024-09-23T06:08:52.979Z [error]: Can't find this /uploads/1726831743351_png-transparent-exercise-machine-treadmill-life-fitness-exercise-bikes-exercise-equipment-gym-miscellaneous-physical-fitness-sports-equipment.png on this server.
2024-09-23T06:08:52.981Z [error]: Can't find this /uploads/1726831581959_00d536e0ef3467916428dacffe8d0afa.jpg on this server.
2024-09-23T06:08:52.983Z [error]: Can't find this /uploads/1726831281015_00d536e0ef3467916428dacffe8d0afa.jpg on this server.
2024-09-23T06:08:52.985Z [error]: Can't find this /uploads/1726828629755_iphone_13_3.png on this server.
2024-09-23T06:08:53.723Z [error]: Can't find this /undefined on this server.
2024-09-23T06:08:53.788Z [error]: Can't find this /undefined on this server.
2024-09-23T06:16:05.685Z [error]: Can't find this /undefined on this server.
2024-09-23T06:16:25.710Z [error]: Can't find this /undefined on this server.
2024-09-23T06:36:19.611Z [error]: Can't find this /feature-deals on this server.
2024-09-23T06:36:19.818Z [error]: Can't find this /uploads/1727070054545_360_F_378201432_Cgifq9ZMniHkolM5XujZX89OooDuPcmR.jpg on this server.
2024-09-23T06:36:19.824Z [error]: Can't find this /uploads/1726831968539_1000_F_251608707_ft6BQtJPnT9htr86dduWjVm8JyKwbXj6.jpg on this server.
2024-09-23T06:36:19.862Z [error]: Can't find this /uploads/1726831743351_png-transparent-exercise-machine-treadmill-life-fitness-exercise-bikes-exercise-equipment-gym-miscellaneous-physical-fitness-sports-equipment.png on this server.
2024-09-23T06:36:19.865Z [error]: Can't find this /uploads/1726831581959_00d536e0ef3467916428dacffe8d0afa.jpg on this server.
2024-09-23T06:36:19.869Z [error]: Can't find this /uploads/1726831281015_00d536e0ef3467916428dacffe8d0afa.jpg on this server.
2024-09-23T06:36:19.871Z [error]: Can't find this /uploads/1726828629755_iphone_13_3.png on this server.
2024-09-23T06:36:19.882Z [error]: Can't find this /undefined on this server.
2024-09-23T06:36:20.114Z [error]: Can't find this /undefined on this server.
2024-09-23T06:36:43.994Z [error]: Can't find this /feature-deals on this server.
2024-09-23T06:36:44.195Z [error]: Can't find this /undefined on this server.
2024-09-23T06:36:44.326Z [error]: Can't find this /uploads/1727070054545_360_F_378201432_Cgifq9ZMniHkolM5XujZX89OooDuPcmR.jpg on this server.
2024-09-23T06:36:44.335Z [error]: Can't find this /uploads/1726831968539_1000_F_251608707_ft6BQtJPnT9htr86dduWjVm8JyKwbXj6.jpg on this server.
2024-09-23T06:36:44.337Z [error]: Can't find this /uploads/1726831743351_png-transparent-exercise-machine-treadmill-life-fitness-exercise-bikes-exercise-equipment-gym-miscellaneous-physical-fitness-sports-equipment.png on this server.
2024-09-23T06:36:44.339Z [error]: Can't find this /uploads/1726831581959_00d536e0ef3467916428dacffe8d0afa.jpg on this server.
2024-09-23T06:36:44.341Z [error]: Can't find this /uploads/1726831281015_00d536e0ef3467916428dacffe8d0afa.jpg on this server.
2024-09-23T06:36:44.343Z [error]: Can't find this /uploads/1726828629755_iphone_13_3.png on this server.
2024-09-23T06:36:44.531Z [error]: Can't find this /undefined on this server.
2024-09-23T06:36:52.721Z [error]: Can't find this /feature-deals on this server.
2024-09-23T06:36:52.829Z [error]: Can't find this /uploads/1726828629755_iphone_13_3.png on this server.
2024-09-23T06:36:52.837Z [error]: Can't find this /uploads/1727070054545_360_F_378201432_Cgifq9ZMniHkolM5XujZX89OooDuPcmR.jpg on this server.
2024-09-23T06:36:52.839Z [error]: Can't find this /uploads/1726831968539_1000_F_251608707_ft6BQtJPnT9htr86dduWjVm8JyKwbXj6.jpg on this server.
2024-09-23T06:36:52.841Z [error]: Can't find this /uploads/1726831743351_png-transparent-exercise-machine-treadmill-life-fitness-exercise-bikes-exercise-equipment-gym-miscellaneous-physical-fitness-sports-equipment.png on this server.
2024-09-23T06:36:52.843Z [error]: Can't find this /uploads/1726831581959_00d536e0ef3467916428dacffe8d0afa.jpg on this server.
2024-09-23T06:36:52.849Z [error]: Can't find this /uploads/1726831281015_00d536e0ef3467916428dacffe8d0afa.jpg on this server.
2024-09-23T06:36:52.875Z [error]: Can't find this /undefined on this server.
2024-09-23T06:36:52.995Z [error]: Can't find this /undefined on this server.
2024-09-23T06:37:18.624Z [error]: Can't find this /feature-deals on this server.
2024-09-23T06:37:18.740Z [error]: Can't find this /uploads/1727070054545_360_F_378201432_Cgifq9ZMniHkolM5XujZX89OooDuPcmR.jpg on this server.
2024-09-23T06:37:18.742Z [error]: Can't find this /uploads/1726831968539_1000_F_251608707_ft6BQtJPnT9htr86dduWjVm8JyKwbXj6.jpg on this server.
2024-09-23T06:37:18.746Z [error]: Can't find this /uploads/1726831743351_png-transparent-exercise-machine-treadmill-life-fitness-exercise-bikes-exercise-equipment-gym-miscellaneous-physical-fitness-sports-equipment.png on this server.
2024-09-23T06:37:18.922Z [error]: Can't find this /uploads/1726831581959_00d536e0ef3467916428dacffe8d0afa.jpg on this server.
2024-09-23T06:37:18.924Z [error]: Can't find this /uploads/1726831281015_00d536e0ef3467916428dacffe8d0afa.jpg on this server.
2024-09-23T06:37:18.930Z [error]: Can't find this /undefined on this server.
2024-09-23T06:37:18.935Z [error]: Can't find this /uploads/1726828629755_iphone_13_3.png on this server.
2024-09-23T06:37:20.383Z [error]: Can't find this /undefined on this server.
2024-09-23T08:34:11.527Z [error]: Can't find this /feature-deals on this server.
2024-09-23T08:34:12.641Z [error]: Can't find this /uploads/1727074188380_sports.png on this server.
2024-09-23T08:34:12.663Z [error]: Can't find this /uploads/1727074855827_mobile.png on this server.
2024-09-23T08:34:12.664Z [error]: Can't find this /uploads/1727074769722_hair.png on this server.
2024-09-23T08:34:12.666Z [error]: Can't find this /uploads/1727074707739_kids.png on this server.
2024-09-23T08:34:12.669Z [error]: Can't find this /uploads/1727074493339_jew.png on this server.
2024-09-23T08:34:12.676Z [error]: Can't find this /uploads/1727074295373_womens.png on this server.
2024-09-23T08:34:12.958Z [error]: Can't find this /undefined on this server.
2024-09-23T08:34:12.963Z [error]: Can't find this /uploads/1727074098230_home.png on this server.
2024-09-23T08:34:12.965Z [error]: Can't find this /uploads/1727074014415_mens.png on this server.
2024-09-23T08:34:12.967Z [error]: Can't find this /uploads/1727075179453_edu.png on this server.
2024-09-23T08:34:12.969Z [error]: Can't find this /uploads/1727074927397_laptop.png on this server.
2024-09-23T10:53:28.174Z [error]: Can't find this /feature-deals on this server.
2024-09-23T10:53:28.960Z [error]: Can't find this /uploads/1727074855827_mobile.png on this server.
2024-09-23T10:53:28.961Z [error]: Can't find this /uploads/1727074769722_hair.png on this server.
2024-09-23T10:53:30.914Z [error]: Can't find this /uploads/1727074295373_womens.png on this server.
2024-09-23T10:53:30.915Z [error]: Can't find this /uploads/1727074188380_sports.png on this server.
2024-09-23T10:53:30.917Z [error]: Can't find this /uploads/1727074707739_kids.png on this server.
2024-09-23T10:53:30.918Z [error]: Can't find this /uploads/1727074014415_mens.png on this server.
2024-09-23T10:53:30.920Z [error]: Can't find this /uploads/1727074493339_jew.png on this server.
2024-09-23T10:53:30.926Z [error]: Can't find this /uploads/1727074098230_home.png on this server.
2024-09-23T10:53:30.931Z [error]: Can't find this /undefined on this server.
2024-09-23T10:53:30.943Z [error]: Can't find this /uploads/1727075179453_edu.png on this server.
2024-09-23T10:53:30.945Z [error]: Can't find this /uploads/1727074927397_laptop.png on this server.
2024-09-24T05:15:38.946Z [error]: Can't find this /feature-deals on this server.
2024-09-24T05:15:40.464Z [error]: Can't find this /uploads/1727074855827_mobile.png on this server.
2024-09-24T05:15:40.466Z [error]: Can't find this /uploads/1727074769722_hair.png on this server.
2024-09-24T05:15:40.469Z [error]: Can't find this /uploads/1727074707739_kids.png on this server.
2024-09-24T05:15:40.472Z [error]: Can't find this /uploads/1727074493339_jew.png on this server.
2024-09-24T05:15:40.478Z [error]: Can't find this /uploads/1727074295373_womens.png on this server.
2024-09-24T05:15:40.487Z [error]: Can't find this /uploads/1727074188380_sports.png on this server.
2024-09-24T05:15:40.510Z [error]: Can't find this /undefined on this server.
2024-09-24T05:15:40.519Z [error]: Can't find this /uploads/1727074098230_home.png on this server.
2024-09-24T05:15:40.522Z [error]: Can't find this /uploads/1727074014415_mens.png on this server.
2024-09-24T05:15:40.524Z [error]: Can't find this /uploads/1727075179453_edu.png on this server.
2024-09-24T05:15:40.529Z [error]: Can't find this /uploads/1727074927397_laptop.png on this server.
2024-09-24T07:16:06.087Z [error]: Can't find this /feature-deals on this server.
2024-09-24T07:16:07.202Z [error]: Can't find this /uploads/1727074855827_mobile.png on this server.
2024-09-24T07:16:07.205Z [error]: Can't find this /uploads/1727074769722_hair.png on this server.
2024-09-24T07:16:07.207Z [error]: Can't find this /uploads/1727074707739_kids.png on this server.
2024-09-24T07:16:07.209Z [error]: Can't find this /uploads/1727074493339_jew.png on this server.
2024-09-24T07:16:07.213Z [error]: Can't find this /uploads/1727074295373_womens.png on this server.
2024-09-24T07:16:07.215Z [error]: Can't find this /uploads/1727074188380_sports.png on this server.
2024-09-24T07:16:07.239Z [error]: Can't find this /uploads/1727074098230_home.png on this server.
2024-09-24T07:16:07.242Z [error]: Can't find this /uploads/1727074014415_mens.png on this server.
2024-09-24T07:16:07.264Z [error]: Can't find this /uploads/1727075179453_edu.png on this server.
2024-09-24T07:16:07.272Z [error]: Can't find this /uploads/1727074927397_laptop.png on this server.
2024-09-24T07:16:07.468Z [error]: Can't find this /uploads/thumbnails/1727161373523-lv-18181-0147-black_31_1.jpg on this server.
2024-09-24T07:16:07.476Z [error]: Can't find this /uploads/thumbnails/1727161020769-90_1017821-1A09838_1B000_14_LightWoolFive~ButtonBlazer-Blazers~~Suits-Versace-online-store_1_3.jpg on this server.
2024-09-24T07:16:07.479Z [error]: Can't find this /uploads/thumbnails/1727158934027-820167_AAEJU_1042_001_100_0000_Light-Gucci-B-large-shoulder-bag.jpg on this server.
2024-09-24T07:16:07.481Z [error]: Can't find this /uploads/thumbnails/1727158781742-805308_AAD4U_1000_001_090_0000_Light-Womens-Horsebit-platform-loafer-slingback.jpg on this server.
2024-09-24T07:16:07.485Z [error]: Can't find this /uploads/thumbnails/1727157358637-2024-08-11-66b81e0b227ea.png on this server.
2024-09-24T07:16:07.486Z [error]: Can't find this /uploads/thumbnails/1727157235771-2024-08-11-66b8096ddbccb.png on this server.
2024-09-24T07:16:07.623Z [error]: Can't find this /uploads/thumbnails/1727161373523-lv-18181-0147-black_31_1.jpg on this server.
2024-09-24T07:16:07.629Z [error]: Can't find this /uploads/thumbnails/1727161020769-90_1017821-1A09838_1B000_14_LightWoolFive~ButtonBlazer-Blazers~~Suits-Versace-online-store_1_3.jpg on this server.
2024-09-24T07:16:07.632Z [error]: Can't find this /uploads/thumbnails/1727158934027-820167_AAEJU_1042_001_100_0000_Light-Gucci-B-large-shoulder-bag.jpg on this server.
2024-09-24T07:16:07.634Z [error]: Can't find this /uploads/thumbnails/1727158781742-805308_AAD4U_1000_001_090_0000_Light-Womens-Horsebit-platform-loafer-slingback.jpg on this server.
2024-09-24T07:16:07.636Z [error]: Can't find this /uploads/thumbnails/1727157358637-2024-08-11-66b81e0b227ea.png on this server.
2024-09-24T07:16:07.726Z [error]: Can't find this /uploads/thumbnails/1727157235771-2024-08-11-66b8096ddbccb.png on this server.
2024-09-24T07:16:07.878Z [error]: Can't find this /uploads/thumbnails/1727161373523-lv-18181-0147-black_31_1.jpg on this server.
2024-09-24T07:16:07.884Z [error]: Can't find this /uploads/thumbnails/1727161020769-90_1017821-1A09838_1B000_14_LightWoolFive~ButtonBlazer-Blazers~~Suits-Versace-online-store_1_3.jpg on this server.
2024-09-24T07:16:07.886Z [error]: Can't find this /uploads/thumbnails/1727157358637-2024-08-11-66b81e0b227ea.png on this server.
2024-09-24T07:16:07.889Z [error]: Can't find this /uploads/thumbnails/1727157235771-2024-08-11-66b8096ddbccb.png on this server.
2024-09-24T07:59:03.929Z [error]: Can't find this /api/customers/forget-password on this server.
2024-09-24T08:04:30.562Z [error]: Can't find this /api/customers/forget-password on this server.
2024-09-24T08:06:00.299Z [error]: There is no user with that email address.
2024-09-24T08:31:21.498Z [error]: jwt is not defined
2024-09-24T11:39:54.420Z [error]: There is no user with that email address.
2024-09-25T05:38:14.457Z [error]: Can't find this /feature-deals on this server.
2024-09-25T05:38:15.890Z [error]: Can't find this /uploads/thumbnails/1727162658816-images.jpeg on this server.
2024-09-25T05:38:15.905Z [error]: Can't find this /uploads/thumbnails/1727162479846-51hVvPf7T0L._AC_SX466_.jpg on this server.
2024-09-25T05:38:15.908Z [error]: Can't find this /uploads/thumbnails/1727161373523-lv-18181-0147-black_31_1.jpg on this server.
2024-09-25T05:38:15.969Z [error]: Can't find this /uploads/thumbnails/1727161020769-90_1017821-1A09838_1B000_14_LightWoolFive~ButtonBlazer-Blazers~~Suits-Versace-online-store_1_3.jpg on this server.
2024-09-25T05:38:15.973Z [error]: Can't find this /uploads/thumbnails/1727158934027-820167_AAEJU_1042_001_100_0000_Light-Gucci-B-large-shoulder-bag.jpg on this server.
2024-09-25T05:38:15.976Z [error]: Can't find this /uploads/thumbnails/1727158781742-805308_AAD4U_1000_001_090_0000_Light-Womens-Horsebit-platform-loafer-slingback.jpg on this server.
2024-09-25T05:38:16.343Z [error]: Can't find this /uploads/thumbnails/1727157358637-2024-08-11-66b81e0b227ea.png on this server.
2024-09-25T05:38:16.346Z [error]: Can't find this /uploads/thumbnails/1727157235771-2024-08-11-66b8096ddbccb.png on this server.
2024-09-25T05:38:16.349Z [error]: Can't find this /uploads/1727074855827_mobile.png on this server.
2024-09-25T05:38:16.352Z [error]: Can't find this /uploads/1727074769722_hair.png on this server.
2024-09-25T05:38:16.356Z [error]: Can't find this /uploads/1727074707739_kids.png on this server.
2024-09-25T05:38:16.359Z [error]: Can't find this /uploads/1727074493339_jew.png on this server.
2024-09-25T05:38:16.374Z [error]: Can't find this /uploads/1727074295373_womens.png on this server.
2024-09-25T05:38:16.376Z [error]: Can't find this /uploads/1727074188380_sports.png on this server.
2024-09-25T05:38:16.382Z [error]: Can't find this /uploads/1727074098230_home.png on this server.
2024-09-25T05:38:16.386Z [error]: Can't find this /uploads/1727074014415_mens.png on this server.
2024-09-25T05:38:16.388Z [error]: Can't find this /uploads/1727075179453_edu.png on this server.
2024-09-25T05:38:16.394Z [error]: Can't find this /uploads/1727074927397_laptop.png on this server.
2024-09-25T05:38:16.660Z [error]: Can't find this /uploads/thumbnails/1727162658816-images.jpeg on this server.
2024-09-25T05:38:16.663Z [error]: Can't find this /uploads/thumbnails/1727162479846-51hVvPf7T0L._AC_SX466_.jpg on this server.
2024-09-25T05:38:16.744Z [error]: Can't find this /uploads/thumbnails/1727158934027-820167_AAEJU_1042_001_100_0000_Light-Gucci-B-large-shoulder-bag.jpg on this server.
2024-09-25T05:38:16.748Z [error]: Can't find this /uploads/thumbnails/1727158781742-805308_AAD4U_1000_001_090_0000_Light-Womens-Horsebit-platform-loafer-slingback.jpg on this server.
2024-09-25T05:38:17.077Z [error]: Can't find this /uploads/thumbnails/1727161373523-lv-18181-0147-black_31_1.jpg on this server.
2024-09-25T05:38:17.082Z [error]: Can't find this /uploads/thumbnails/1727157358637-2024-08-11-66b81e0b227ea.png on this server.
2024-09-25T05:38:17.087Z [error]: Can't find this /uploads/thumbnails/1727161020769-90_1017821-1A09838_1B000_14_LightWoolFive~ButtonBlazer-Blazers~~Suits-Versace-online-store_1_3.jpg on this server.
2024-09-25T05:38:17.089Z [error]: Can't find this /uploads/thumbnails/1727157235771-2024-08-11-66b8096ddbccb.png on this server.
2024-09-25T05:39:40.133Z [error]: There is no user with that email address.
2024-09-25T05:40:22.030Z [error]: There is no user with that email address.
2024-09-25T05:41:33.611Z [error]: There is no user with that email address.
2024-09-25T05:43:39.121Z [error]: Can't find this /uploads/1727074855827_mobile.png on this server.
2024-09-25T05:43:39.131Z [error]: Can't find this /uploads/1727074769722_hair.png on this server.
2024-09-25T05:43:39.136Z [error]: Can't find this /uploads/1727074707739_kids.png on this server.
2024-09-25T05:43:39.141Z [error]: Can't find this /uploads/1727074493339_jew.png on this server.
2024-09-25T05:43:39.168Z [error]: Can't find this /uploads/1727074295373_womens.png on this server.
2024-09-25T05:43:39.172Z [error]: Can't find this /uploads/1727074188380_sports.png on this server.
2024-09-25T05:43:39.174Z [error]: Can't find this /uploads/1727074098230_home.png on this server.
2024-09-25T05:43:39.179Z [error]: Can't find this /uploads/1727074014415_mens.png on this server.
2024-09-25T05:43:39.206Z [error]: Can't find this /uploads/1727075179453_edu.png on this server.
2024-09-25T05:43:39.220Z [error]: Can't find this /uploads/1727074927397_laptop.png on this server.
2024-09-25T05:43:39.324Z [error]: Can't find this /feature-deals on this server.
2024-09-25T05:43:39.377Z [error]: Can't find this /uploads/thumbnails/1727162658816-images.jpeg on this server.
2024-09-25T05:43:39.407Z [error]: Can't find this /uploads/thumbnails/1727162479846-51hVvPf7T0L._AC_SX466_.jpg on this server.
2024-09-25T05:43:39.409Z [error]: Can't find this /uploads/thumbnails/1727161373523-lv-18181-0147-black_31_1.jpg on this server.
2024-09-25T05:43:39.415Z [error]: Can't find this /uploads/thumbnails/1727161020769-90_1017821-1A09838_1B000_14_LightWoolFive~ButtonBlazer-Blazers~~Suits-Versace-online-store_1_3.jpg on this server.
2024-09-25T05:43:39.423Z [error]: Can't find this /uploads/thumbnails/1727158934027-820167_AAEJU_1042_001_100_0000_Light-Gucci-B-large-shoulder-bag.jpg on this server.
2024-09-25T05:43:39.467Z [error]: Can't find this /uploads/thumbnails/1727158781742-805308_AAD4U_1000_001_090_0000_Light-Womens-Horsebit-platform-loafer-slingback.jpg on this server.
2024-09-25T05:43:39.469Z [error]: Can't find this /uploads/thumbnails/1727157358637-2024-08-11-66b81e0b227ea.png on this server.
2024-09-25T05:43:39.472Z [error]: Can't find this /uploads/thumbnails/1727157235771-2024-08-11-66b8096ddbccb.png on this server.
2024-09-25T05:43:39.577Z [error]: Can't find this /uploads/thumbnails/1727158934027-820167_AAEJU_1042_001_100_0000_Light-Gucci-B-large-shoulder-bag.jpg on this server.
2024-09-25T05:43:39.584Z [error]: Can't find this /uploads/thumbnails/1727158781742-805308_AAD4U_1000_001_090_0000_Light-Womens-Horsebit-platform-loafer-slingback.jpg on this server.
2024-09-25T05:43:39.588Z [error]: Can't find this /uploads/thumbnails/1727161373523-lv-18181-0147-black_31_1.jpg on this server.
2024-09-25T05:43:39.591Z [error]: Can't find this /uploads/thumbnails/1727161020769-90_1017821-1A09838_1B000_14_LightWoolFive~ButtonBlazer-Blazers~~Suits-Versace-online-store_1_3.jpg on this server.
2024-09-25T05:43:39.594Z [error]: Can't find this /uploads/thumbnails/1727157358637-2024-08-11-66b81e0b227ea.png on this server.
2024-09-25T05:43:39.599Z [error]: Can't find this /uploads/thumbnails/1727157235771-2024-08-11-66b8096ddbccb.png on this server.
2024-09-25T05:43:50.516Z [error]: Can't find this /uploads/thumbnails/1727157235771-2024-08-11-66b8096ddbccb.png on this server.
2024-09-25T05:43:50.518Z [error]: Can't find this /uploads/thumbnails/1727157358637-2024-08-11-66b81e0b227ea.png on this server.
2024-09-25T05:43:50.521Z [error]: Can't find this /uploads/thumbnails/1727158781742-805308_AAD4U_1000_001_090_0000_Light-Womens-Horsebit-platform-loafer-slingback.jpg on this server.
2024-09-25T05:43:50.524Z [error]: Can't find this /uploads/thumbnails/1727158934027-820167_AAEJU_1042_001_100_0000_Light-Gucci-B-large-shoulder-bag.jpg on this server.
2024-09-25T05:43:50.527Z [error]: Can't find this /uploads/thumbnails/1727161020769-90_1017821-1A09838_1B000_14_LightWoolFive~ButtonBlazer-Blazers~~Suits-Versace-online-store_1_3.jpg on this server.
2024-09-25T05:43:50.530Z [error]: Can't find this /uploads/thumbnails/1727161373523-lv-18181-0147-black_31_1.jpg on this server.
2024-09-25T05:43:50.539Z [error]: Can't find this /uploads/thumbnails/1727162479846-51hVvPf7T0L._AC_SX466_.jpg on this server.
2024-09-25T05:43:50.546Z [error]: Can't find this /uploads/thumbnails/1727162658816-images.jpeg on this server.
2024-09-25T05:44:57.028Z [error]: Can't find this /feature-deals on this server.
2024-09-25T05:44:57.031Z [error]: Can't find this /uploads/1727074855827_mobile.png on this server.
2024-09-25T05:44:57.032Z [error]: Can't find this /uploads/1727074769722_hair.png on this server.
2024-09-25T05:44:57.035Z [error]: Can't find this /uploads/1727074707739_kids.png on this server.
2024-09-25T05:44:57.038Z [error]: Can't find this /uploads/1727074493339_jew.png on this server.
2024-09-25T05:44:57.062Z [error]: Can't find this /uploads/1727074295373_womens.png on this server.
2024-09-25T05:44:57.157Z [error]: Can't find this /uploads/1727074188380_sports.png on this server.
2024-09-25T05:44:57.161Z [error]: Can't find this /uploads/1727074098230_home.png on this server.
2024-09-25T05:44:57.164Z [error]: Can't find this /uploads/1727074014415_mens.png on this server.
2024-09-25T05:44:57.171Z [error]: Can't find this /uploads/1727075179453_edu.png on this server.
2024-09-25T05:44:57.230Z [error]: Can't find this /uploads/1727074927397_laptop.png on this server.
2024-09-25T05:44:57.260Z [error]: Can't find this /uploads/thumbnails/1727162658816-images.jpeg on this server.
2024-09-25T05:44:57.267Z [error]: Can't find this /uploads/thumbnails/1727162479846-51hVvPf7T0L._AC_SX466_.jpg on this server.
2024-09-25T05:44:57.270Z [error]: Can't find this /uploads/thumbnails/1727161373523-lv-18181-0147-black_31_1.jpg on this server.
2024-09-25T05:44:57.274Z [error]: Can't find this /uploads/thumbnails/1727161020769-90_1017821-1A09838_1B000_14_LightWoolFive~ButtonBlazer-Blazers~~Suits-Versace-online-store_1_3.jpg on this server.
2024-09-25T05:44:57.276Z [error]: Can't find this /uploads/thumbnails/1727158934027-820167_AAEJU_1042_001_100_0000_Light-Gucci-B-large-shoulder-bag.jpg on this server.
2024-09-25T05:44:57.278Z [error]: Can't find this /uploads/thumbnails/1727158781742-805308_AAD4U_1000_001_090_0000_Light-Womens-Horsebit-platform-loafer-slingback.jpg on this server.
2024-09-25T05:44:57.289Z [error]: Can't find this /uploads/thumbnails/1727157358637-2024-08-11-66b81e0b227ea.png on this server.
2024-09-25T05:44:57.291Z [error]: Can't find this /uploads/thumbnails/1727157235771-2024-08-11-66b8096ddbccb.png on this server.
2024-09-25T05:44:57.371Z [error]: Can't find this /uploads/thumbnails/1727162658816-images.jpeg on this server.
2024-09-25T05:44:57.373Z [error]: Can't find this /uploads/thumbnails/1727162479846-51hVvPf7T0L._AC_SX466_.jpg on this server.
2024-09-25T05:44:57.442Z [error]: Can't find this /uploads/thumbnails/1727158934027-820167_AAEJU_1042_001_100_0000_Light-Gucci-B-large-shoulder-bag.jpg on this server.
2024-09-25T05:44:57.444Z [error]: Can't find this /uploads/thumbnails/1727158781742-805308_AAD4U_1000_001_090_0000_Light-Womens-Horsebit-platform-loafer-slingback.jpg on this server.
2024-09-25T05:44:57.448Z [error]: Can't find this /uploads/thumbnails/1727161373523-lv-18181-0147-black_31_1.jpg on this server.
2024-09-25T05:44:57.456Z [error]: Can't find this /uploads/thumbnails/1727161020769-90_1017821-1A09838_1B000_14_LightWoolFive~ButtonBlazer-Blazers~~Suits-Versace-online-store_1_3.jpg on this server.
2024-09-25T05:44:57.459Z [error]: Can't find this /uploads/thumbnails/1727157358637-2024-08-11-66b81e0b227ea.png on this server.
2024-09-25T05:44:57.461Z [error]: Can't find this /uploads/thumbnails/1727157235771-2024-08-11-66b8096ddbccb.png on this server.
2024-09-25T05:45:18.458Z [error]: Can't find this /uploads/thumbnails/1727161373523-lv-18181-0147-black_31_1.jpg on this server.
2024-09-25T05:45:18.468Z [error]: Can't find this /uploads/thumbnails/1727161020769-90_1017821-1A09838_1B000_14_LightWoolFive~ButtonBlazer-Blazers~~Suits-Versace-online-store_1_3.jpg on this server.
2024-09-25T05:45:18.471Z [error]: Can't find this /uploads/thumbnails/1727157235771-2024-08-11-66b8096ddbccb.png on this server.
2024-09-25T05:45:18.473Z [error]: Can't find this /uploads/thumbnails/1727157358637-2024-08-11-66b81e0b227ea.png on this server.
2024-09-25T05:45:24.957Z [error]: Can't find this / on this server.
2024-09-25T05:45:24.967Z [error]: Can't find this /uploads/images/1727161373521-lv-18181-0147-black_31_1.jpg on this server.
2024-09-25T05:45:24.972Z [error]: Can't find this /uploads/thumbnails/1727161373523-lv-18181-0147-black_31_1.jpg on this server.
2024-09-25T05:51:50.345Z [error]: Can't find this /feature-deals on this server.
2024-09-25T05:51:50.929Z [error]: Can't find this /uploads/thumbnails/1727162658816-images.jpeg on this server.
2024-09-25T05:51:50.936Z [error]: Can't find this /uploads/thumbnails/1727162479846-51hVvPf7T0L._AC_SX466_.jpg on this server.
2024-09-25T05:51:50.942Z [error]: Can't find this /uploads/thumbnails/1727161373523-lv-18181-0147-black_31_1.jpg on this server.
2024-09-25T05:51:50.947Z [error]: Can't find this /uploads/thumbnails/1727161020769-90_1017821-1A09838_1B000_14_LightWoolFive~ButtonBlazer-Blazers~~Suits-Versace-online-store_1_3.jpg on this server.
2024-09-25T05:51:50.950Z [error]: Can't find this /uploads/thumbnails/1727158934027-820167_AAEJU_1042_001_100_0000_Light-Gucci-B-large-shoulder-bag.jpg on this server.
2024-09-25T05:51:50.955Z [error]: Can't find this /uploads/thumbnails/1727158781742-805308_AAD4U_1000_001_090_0000_Light-Womens-Horsebit-platform-loafer-slingback.jpg on this server.
2024-09-25T05:51:50.967Z [error]: Can't find this /uploads/thumbnails/1727157358637-2024-08-11-66b81e0b227ea.png on this server.
2024-09-25T05:51:50.996Z [error]: Can't find this /uploads/thumbnails/1727157235771-2024-08-11-66b8096ddbccb.png on this server.
2024-09-25T05:51:51.005Z [error]: Can't find this /uploads/1727074855827_mobile.png on this server.
2024-09-25T05:51:51.014Z [error]: Can't find this /uploads/1727074769722_hair.png on this server.
2024-09-25T05:51:51.016Z [error]: Can't find this /uploads/1727074707739_kids.png on this server.
2024-09-25T05:51:51.019Z [error]: Can't find this /uploads/1727074493339_jew.png on this server.
2024-09-25T05:51:51.027Z [error]: Can't find this /uploads/1727074295373_womens.png on this server.
2024-09-25T05:51:51.038Z [error]: Can't find this /uploads/1727074188380_sports.png on this server.
2024-09-25T05:51:51.045Z [error]: Can't find this /uploads/1727074098230_home.png on this server.
2024-09-25T05:51:51.048Z [error]: Can't find this /uploads/1727074014415_mens.png on this server.
2024-09-25T05:51:51.050Z [error]: Can't find this /uploads/1727075179453_edu.png on this server.
2024-09-25T05:51:51.053Z [error]: Can't find this /uploads/1727074927397_laptop.png on this server.
2024-09-25T05:51:52.882Z [error]: Can't find this /uploads/thumbnails/1727162658816-images.jpeg on this server.
2024-09-25T05:51:52.920Z [error]: Can't find this /uploads/thumbnails/1727162479846-51hVvPf7T0L._AC_SX466_.jpg on this server.
2024-09-25T05:51:52.953Z [error]: Can't find this /uploads/thumbnails/1727161373523-lv-18181-0147-black_31_1.jpg on this server.
2024-09-25T05:51:52.960Z [error]: Can't find this /uploads/thumbnails/1727161020769-90_1017821-1A09838_1B000_14_LightWoolFive~ButtonBlazer-Blazers~~Suits-Versace-online-store_1_3.jpg on this server.
2024-09-25T05:51:52.962Z [error]: Can't find this /uploads/thumbnails/1727158934027-820167_AAEJU_1042_001_100_0000_Light-Gucci-B-large-shoulder-bag.jpg on this server.
2024-09-25T05:51:52.966Z [error]: Can't find this /uploads/thumbnails/1727158781742-805308_AAD4U_1000_001_090_0000_Light-Womens-Horsebit-platform-loafer-slingback.jpg on this server.
2024-09-25T05:51:52.975Z [error]: Can't find this /uploads/thumbnails/1727157358637-2024-08-11-66b81e0b227ea.png on this server.
2024-09-25T05:51:52.984Z [error]: Can't find this /uploads/thumbnails/1727157235771-2024-08-11-66b8096ddbccb.png on this server.
2024-09-25T05:52:38.046Z [error]: Can't find this /uploads/thumbnails/1727162658816-images.jpeg on this server.
2024-09-25T05:52:38.052Z [error]: Can't find this /uploads/thumbnails/1727162479846-51hVvPf7T0L._AC_SX466_.jpg on this server.
2024-09-25T05:52:38.059Z [error]: Can't find this /uploads/thumbnails/1727161020769-90_1017821-1A09838_1B000_14_LightWoolFive~ButtonBlazer-Blazers~~Suits-Versace-online-store_1_3.jpg on this server.
2024-09-25T05:52:38.061Z [error]: Can't find this /uploads/thumbnails/1727161373523-lv-18181-0147-black_31_1.jpg on this server.
2024-09-25T05:52:38.063Z [error]: Can't find this /uploads/thumbnails/1727158781742-805308_AAD4U_1000_001_090_0000_Light-Womens-Horsebit-platform-loafer-slingback.jpg on this server.
2024-09-25T05:52:38.066Z [error]: Can't find this /uploads/thumbnails/1727158934027-820167_AAEJU_1042_001_100_0000_Light-Gucci-B-large-shoulder-bag.jpg on this server.
2024-09-25T05:52:38.073Z [error]: Can't find this /uploads/thumbnails/1727157358637-2024-08-11-66b81e0b227ea.png on this server.
2024-09-25T05:52:38.075Z [error]: Can't find this /uploads/thumbnails/1727157235771-2024-08-11-66b8096ddbccb.png on this server.
2024-09-25T05:52:40.793Z [error]: Can't find this /undefined on this server.
2024-09-25T05:52:41.593Z [error]: Can't find this /undefined on this server.
2024-09-25T05:58:57.064Z [error]: Can't find this /undefined on this server.
