2024-09-23T05:50:52.553Z [error]: Operation `products.find()` buffering timed out after 10000ms
2024-09-23T05:50:52.573Z [error]: Operation `products.find()` buffering timed out after 10000ms
2024-09-23T05:52:29.227Z [error]: Operation `products.find()` buffering timed out after 10000ms
2024-09-23T05:52:29.303Z [error]: Operation `products.find()` buffering timed out after 10000ms
2024-09-23T05:59:50.081Z [error]: Can't find this /feature-deals on this server.
2024-09-23T05:59:50.736Z [error]: Can't find this /undefined on this server.
2024-09-23T05:59:51.716Z [error]: Can't find this /uploads/1727070054545_360_F_378201432_Cgifq9ZMniHkolM5XujZX89OooDuPcmR.jpg on this server.
2024-09-23T05:59:51.736Z [error]: Can't find this /uploads/1726831968539_1000_F_251608707_ft6BQtJPnT9htr86dduWjVm8JyKwbXj6.jpg on this server.
2024-09-23T05:59:51.738Z [error]: Can't find this /uploads/1726831743351_png-transparent-exercise-machine-treadmill-life-fitness-exercise-bikes-exercise-equipment-gym-miscellaneous-physical-fitness-sports-equipment.png on this server.
2024-09-23T05:59:51.818Z [error]: Can't find this /uploads/1726831581959_00d536e0ef3467916428dacffe8d0afa.jpg on this server.
2024-09-23T05:59:51.852Z [error]: Can't find this /uploads/1726831281015_00d536e0ef3467916428dacffe8d0afa.jpg on this server.
2024-09-23T05:59:52.111Z [error]: Can't find this /uploads/1726828629755_iphone_13_3.png on this server.
2024-09-23T05:59:52.578Z [error]: Can't find this /undefined on this server.
2024-09-23T06:00:11.836Z [error]: Can't find this /uploads/1726831281015_00d536e0ef3467916428dacffe8d0afa.jpg on this server.
2024-09-23T06:00:11.869Z [error]: Can't find this /uploads/1726828629755_iphone_13_3.png on this server.
2024-09-23T06:00:11.876Z [error]: Can't find this /uploads/1727070054545_360_F_378201432_Cgifq9ZMniHkolM5XujZX89OooDuPcmR.jpg on this server.
2024-09-23T06:00:11.880Z [error]: Can't find this /uploads/1726831968539_1000_F_251608707_ft6BQtJPnT9htr86dduWjVm8JyKwbXj6.jpg on this server.
2024-09-23T06:00:11.893Z [error]: Can't find this /uploads/1726831743351_png-transparent-exercise-machine-treadmill-life-fitness-exercise-bikes-exercise-equipment-gym-miscellaneous-physical-fitness-sports-equipment.png on this server.
2024-09-23T06:00:11.896Z [error]: Can't find this /uploads/1726831581959_00d536e0ef3467916428dacffe8d0afa.jpg on this server.
2024-09-23T06:00:11.925Z [error]: Can't find this /undefined on this server.
2024-09-23T06:00:12.056Z [error]: Can't find this /uploads/1727070054545_360_F_378201432_Cgifq9ZMniHkolM5XujZX89OooDuPcmR.jpg on this server.
2024-09-23T06:00:12.081Z [error]: Can't find this /uploads/1726831968539_1000_F_251608707_ft6BQtJPnT9htr86dduWjVm8JyKwbXj6.jpg on this server.
2024-09-23T06:00:12.084Z [error]: Can't find this /uploads/1726831743351_png-transparent-exercise-machine-treadmill-life-fitness-exercise-bikes-exercise-equipment-gym-miscellaneous-physical-fitness-sports-equipment.png on this server.
2024-09-23T06:00:12.090Z [error]: Can't find this /uploads/1726831581959_00d536e0ef3467916428dacffe8d0afa.jpg on this server.
2024-09-23T06:00:12.095Z [error]: Can't find this /uploads/1726831281015_00d536e0ef3467916428dacffe8d0afa.jpg on this server.
2024-09-23T06:00:12.098Z [error]: Can't find this /uploads/1726828629755_iphone_13_3.png on this server.
2024-09-23T06:00:12.138Z [error]: Can't find this /undefined on this server.
2024-09-23T06:08:52.099Z [error]: Can't find this /feature-deals on this server.
2024-09-23T06:08:52.973Z [error]: Can't find this /uploads/1727070054545_360_F_378201432_Cgifq9ZMniHkolM5XujZX89OooDuPcmR.jpg on this server.
2024-09-23T06:08:52.977Z [error]: Can't find this /uploads/1726831968539_1000_F_251608707_ft6BQtJPnT9htr86dduWjVm8JyKwbXj6.jpg on this server.
2024-09-23T06:08:52.979Z [error]: Can't find this /uploads/1726831743351_png-transparent-exercise-machine-treadmill-life-fitness-exercise-bikes-exercise-equipment-gym-miscellaneous-physical-fitness-sports-equipment.png on this server.
2024-09-23T06:08:52.981Z [error]: Can't find this /uploads/1726831581959_00d536e0ef3467916428dacffe8d0afa.jpg on this server.
2024-09-23T06:08:52.983Z [error]: Can't find this /uploads/1726831281015_00d536e0ef3467916428dacffe8d0afa.jpg on this server.
2024-09-23T06:08:52.985Z [error]: Can't find this /uploads/1726828629755_iphone_13_3.png on this server.
2024-09-23T06:08:53.723Z [error]: Can't find this /undefined on this server.
2024-09-23T06:08:53.788Z [error]: Can't find this /undefined on this server.
2024-09-23T06:16:05.685Z [error]: Can't find this /undefined on this server.
2024-09-23T06:16:25.710Z [error]: Can't find this /undefined on this server.
2024-09-23T06:36:19.611Z [error]: Can't find this /feature-deals on this server.
2024-09-23T06:36:19.818Z [error]: Can't find this /uploads/1727070054545_360_F_378201432_Cgifq9ZMniHkolM5XujZX89OooDuPcmR.jpg on this server.
2024-09-23T06:36:19.824Z [error]: Can't find this /uploads/1726831968539_1000_F_251608707_ft6BQtJPnT9htr86dduWjVm8JyKwbXj6.jpg on this server.
2024-09-23T06:36:19.862Z [error]: Can't find this /uploads/1726831743351_png-transparent-exercise-machine-treadmill-life-fitness-exercise-bikes-exercise-equipment-gym-miscellaneous-physical-fitness-sports-equipment.png on this server.
2024-09-23T06:36:19.865Z [error]: Can't find this /uploads/1726831581959_00d536e0ef3467916428dacffe8d0afa.jpg on this server.
2024-09-23T06:36:19.869Z [error]: Can't find this /uploads/1726831281015_00d536e0ef3467916428dacffe8d0afa.jpg on this server.
2024-09-23T06:36:19.871Z [error]: Can't find this /uploads/1726828629755_iphone_13_3.png on this server.
2024-09-23T06:36:19.882Z [error]: Can't find this /undefined on this server.
2024-09-23T06:36:20.114Z [error]: Can't find this /undefined on this server.
2024-09-23T06:36:43.994Z [error]: Can't find this /feature-deals on this server.
2024-09-23T06:36:44.195Z [error]: Can't find this /undefined on this server.
2024-09-23T06:36:44.326Z [error]: Can't find this /uploads/1727070054545_360_F_378201432_Cgifq9ZMniHkolM5XujZX89OooDuPcmR.jpg on this server.
2024-09-23T06:36:44.335Z [error]: Can't find this /uploads/1726831968539_1000_F_251608707_ft6BQtJPnT9htr86dduWjVm8JyKwbXj6.jpg on this server.
2024-09-23T06:36:44.337Z [error]: Can't find this /uploads/1726831743351_png-transparent-exercise-machine-treadmill-life-fitness-exercise-bikes-exercise-equipment-gym-miscellaneous-physical-fitness-sports-equipment.png on this server.
2024-09-23T06:36:44.339Z [error]: Can't find this /uploads/1726831581959_00d536e0ef3467916428dacffe8d0afa.jpg on this server.
2024-09-23T06:36:44.341Z [error]: Can't find this /uploads/1726831281015_00d536e0ef3467916428dacffe8d0afa.jpg on this server.
2024-09-23T06:36:44.343Z [error]: Can't find this /uploads/1726828629755_iphone_13_3.png on this server.
2024-09-23T06:36:44.531Z [error]: Can't find this /undefined on this server.
2024-09-23T06:36:52.721Z [error]: Can't find this /feature-deals on this server.
2024-09-23T06:36:52.829Z [error]: Can't find this /uploads/1726828629755_iphone_13_3.png on this server.
2024-09-23T06:36:52.837Z [error]: Can't find this /uploads/1727070054545_360_F_378201432_Cgifq9ZMniHkolM5XujZX89OooDuPcmR.jpg on this server.
2024-09-23T06:36:52.839Z [error]: Can't find this /uploads/1726831968539_1000_F_251608707_ft6BQtJPnT9htr86dduWjVm8JyKwbXj6.jpg on this server.
2024-09-23T06:36:52.841Z [error]: Can't find this /uploads/1726831743351_png-transparent-exercise-machine-treadmill-life-fitness-exercise-bikes-exercise-equipment-gym-miscellaneous-physical-fitness-sports-equipment.png on this server.
2024-09-23T06:36:52.843Z [error]: Can't find this /uploads/1726831581959_00d536e0ef3467916428dacffe8d0afa.jpg on this server.
2024-09-23T06:36:52.849Z [error]: Can't find this /uploads/1726831281015_00d536e0ef3467916428dacffe8d0afa.jpg on this server.
2024-09-23T06:36:52.875Z [error]: Can't find this /undefined on this server.
2024-09-23T06:36:52.995Z [error]: Can't find this /undefined on this server.
2024-09-23T06:37:18.624Z [error]: Can't find this /feature-deals on this server.
2024-09-23T06:37:18.740Z [error]: Can't find this /uploads/1727070054545_360_F_378201432_Cgifq9ZMniHkolM5XujZX89OooDuPcmR.jpg on this server.
2024-09-23T06:37:18.742Z [error]: Can't find this /uploads/1726831968539_1000_F_251608707_ft6BQtJPnT9htr86dduWjVm8JyKwbXj6.jpg on this server.
2024-09-23T06:37:18.746Z [error]: Can't find this /uploads/1726831743351_png-transparent-exercise-machine-treadmill-life-fitness-exercise-bikes-exercise-equipment-gym-miscellaneous-physical-fitness-sports-equipment.png on this server.
2024-09-23T06:37:18.922Z [error]: Can't find this /uploads/1726831581959_00d536e0ef3467916428dacffe8d0afa.jpg on this server.
2024-09-23T06:37:18.924Z [error]: Can't find this /uploads/1726831281015_00d536e0ef3467916428dacffe8d0afa.jpg on this server.
2024-09-23T06:37:18.930Z [error]: Can't find this /undefined on this server.
2024-09-23T06:37:18.935Z [error]: Can't find this /uploads/1726828629755_iphone_13_3.png on this server.
2024-09-23T06:37:20.383Z [error]: Can't find this /undefined on this server.
2024-09-23T08:34:11.527Z [error]: Can't find this /feature-deals on this server.
2024-09-23T08:34:12.641Z [error]: Can't find this /uploads/1727074188380_sports.png on this server.
2024-09-23T08:34:12.663Z [error]: Can't find this /uploads/1727074855827_mobile.png on this server.
2024-09-23T08:34:12.664Z [error]: Can't find this /uploads/1727074769722_hair.png on this server.
2024-09-23T08:34:12.666Z [error]: Can't find this /uploads/1727074707739_kids.png on this server.
2024-09-23T08:34:12.669Z [error]: Can't find this /uploads/1727074493339_jew.png on this server.
2024-09-23T08:34:12.676Z [error]: Can't find this /uploads/1727074295373_womens.png on this server.
2024-09-23T08:34:12.958Z [error]: Can't find this /undefined on this server.
2024-09-23T08:34:12.963Z [error]: Can't find this /uploads/1727074098230_home.png on this server.
2024-09-23T08:34:12.965Z [error]: Can't find this /uploads/1727074014415_mens.png on this server.
2024-09-23T08:34:12.967Z [error]: Can't find this /uploads/1727075179453_edu.png on this server.
2024-09-23T08:34:12.969Z [error]: Can't find this /uploads/1727074927397_laptop.png on this server.
